Determining if the pthread_create exist failed with the following output:
Change Dir: /home/linux/catkin-workspace/build/CMakeFiles/CMakeTmp

Run Build Command:"/usr/bin/make" "cmTC_1b421/fast"
/usr/bin/make -f CMakeFiles/cmTC_1b421.dir/build.make CMakeFiles/cmTC_1b421.dir/build
make[1]: se entra en el directorio '/home/linux/catkin-workspace/build/CMakeFiles/CMakeTmp'
Building C object CMakeFiles/cmTC_1b421.dir/CheckSymbolExists.c.o
/usr/bin/cc     -o CMakeFiles/cmTC_1b421.dir/CheckSymbolExists.c.o   -c /home/linux/catkin-workspace/build/CMakeFiles/CMakeTmp/CheckSymbolExists.c
Linking C executable cmTC_1b421
/usr/bin/cmake -E cmake_link_script CMakeFiles/cmTC_1b421.dir/link.txt --verbose=1
/usr/bin/cc       CMakeFiles/cmTC_1b421.dir/CheckSymbolExists.c.o  -o cmTC_1b421 -rdynamic 
CMakeFiles/cmTC_1b421.dir/CheckSymbolExists.c.o: En la función `main':
CheckSymbolExists.c:(.text+0x16): referencia a `pthread_create' sin definir
collect2: error: ld returned 1 exit status
CMakeFiles/cmTC_1b421.dir/build.make:97: fallo en las instrucciones para el objetivo 'cmTC_1b421'
make[1]: *** [cmTC_1b421] Error 1
make[1]: se sale del directorio '/home/linux/catkin-workspace/build/CMakeFiles/CMakeTmp'
Makefile:126: fallo en las instrucciones para el objetivo 'cmTC_1b421/fast'
make: *** [cmTC_1b421/fast] Error 2

File /home/linux/catkin-workspace/build/CMakeFiles/CMakeTmp/CheckSymbolExists.c:
/* */
#include <pthread.h>

int main(int argc, char** argv)
{
  (void)argv;
#ifndef pthread_create
  return ((int*)(&pthread_create))[argc];
#else
  (void)argc;
  return 0;
#endif
}

Determining if the function pthread_create exists in the pthreads failed with the following output:
Change Dir: /home/linux/catkin-workspace/build/CMakeFiles/CMakeTmp

Run Build Command:"/usr/bin/make" "cmTC_fd9b0/fast"
/usr/bin/make -f CMakeFiles/cmTC_fd9b0.dir/build.make CMakeFiles/cmTC_fd9b0.dir/build
make[1]: se entra en el directorio '/home/linux/catkin-workspace/build/CMakeFiles/CMakeTmp'
Building C object CMakeFiles/cmTC_fd9b0.dir/CheckFunctionExists.c.o
/usr/bin/cc    -DCHECK_FUNCTION_EXISTS=pthread_create   -o CMakeFiles/cmTC_fd9b0.dir/CheckFunctionExists.c.o   -c /usr/share/cmake-3.5/Modules/CheckFunctionExists.c
Linking C executable cmTC_fd9b0
/usr/bin/cmake -E cmake_link_script CMakeFiles/cmTC_fd9b0.dir/link.txt --verbose=1
/usr/bin/cc   -DCHECK_FUNCTION_EXISTS=pthread_create    CMakeFiles/cmTC_fd9b0.dir/CheckFunctionExists.c.o  -o cmTC_fd9b0 -rdynamic -lpthreads 
/usr/bin/ld: no se puede encontrar -lpthreads
collect2: error: ld returned 1 exit status
CMakeFiles/cmTC_fd9b0.dir/build.make:97: fallo en las instrucciones para el objetivo 'cmTC_fd9b0'
make[1]: *** [cmTC_fd9b0] Error 1
make[1]: se sale del directorio '/home/linux/catkin-workspace/build/CMakeFiles/CMakeTmp'
Makefile:126: fallo en las instrucciones para el objetivo 'cmTC_fd9b0/fast'
make: *** [cmTC_fd9b0/fast] Error 2


